#git log

.gitignoreの動作について学習

*下記は.gitignoreと.secretの拡張子を作成したときのもの（stagingやコミット、プッシュは行っていない）
*またREADME.mdは別途編集を加えたため、記載されている
PC_User@DESKTOP-2CQ9D5E MINGW64 ~/desktop/git_work/Work_Samurai (master)                                               
$ echo "秘密の情報" >> .secret
PC_User@DESKTOP-2CQ9D5E MINGW64 ~/desktop/git_work/Work_Samurai (master)                                                
$ git status                                                                                                            
On branch master                                                                                                        
Your branch is up to date with 'origin/master'.                                                                                                                                                                                                
Changes not staged for commit:                                                                                            
(use "git add <file>..." to update what will be committed)                                                              
(use "git restore <file>..." to discard changes in working directory)                                                         
modified:   README.md                                                                                                                                                                                                                   

Untracked files:                                                                                                          
(use "git add <file>..." to include in what will be committed)                                                                
    .gitignore                                                                                                              
    .secret                                                                                                                                                                                                                                 
no changes added to commit (use "git add" and/or "git commit -a")                                                                                                                                                                               

*これより下で.secretという記述を.gitignoreという設定ファイルに書き込んでいる
PC_User@DESKTOP-2CQ9D5E MINGW64 ~/desktop/git_work/Work_Samurai (master)                                                
$ echo ".secret" >> .gitignore

*書き込むと、git statusで確認したときに、.secretの設定ファイルが無視されるようになる
PC_User@DESKTOP-2CQ9D5E MINGW64 ~/desktop/git_work/Work_Samurai (master)                                                
$ git status                                                                                                            
On branch master                                                                                                        
Your branch is up to date with 'origin/master'.

Changes not staged for commit:                                                                                            
(use "git add <file>..." to update what will be committed)                                                              
(use "git restore <file>..." to discard changes in working directory)                                                         
modified:   README.md    
                                                                                                                                                                                                              
Untracked files:                                                                                                          
(use "git add <file>..." to include in what will be committed)                                                                
    .gitignore                
                                                                                                                                                                                                              
no changes added to commit (use "git add" and/or "git commit -a") 

PC_User@DESKTOP-2CQ9D5E MINGW64 ~/desktop/git_work/Work_Samurai (master)                                                
$ cat .gitignore                                                                                                        
.gitignote test                                                                                                         
.secret                                                                                                                                                                                                                                         

拡張子を無視してほしい場合は"*.html"
ディレクトリ以下を無視したい場合は"dir/"
除外してほしくない場合は"!test.html"